c:\users\thoma\source\repos\vulkanrenderer-main\vulkan-renderer\vkrenderer\x64\debug\renderer.pch
c:\users\thoma\source\repos\vulkanrenderer-main\vulkan-renderer\vkrenderer\x64\debug\vc142.pdb
c:\users\thoma\source\repos\vulkanrenderer-main\vulkan-renderer\vkrenderer\x64\debug\vc142.idb
c:\users\thoma\source\repos\vulkanrenderer-main\vulkan-renderer\vkrenderer\x64\debug\stdafx.obj
c:\users\thoma\source\repos\vulkanrenderer-main\vulkan-renderer\vkrenderer\x64\debug\vulkintestapp.obj
c:\users\thoma\source\repos\vulkanrenderer-main\vulkan-renderer\vkrenderer\x64\debug\pipeline.obj
c:\users\thoma\source\repos\vulkanrenderer-main\vulkan-renderer\vkrenderer\x64\debug\imgui_widgets.obj
c:\users\thoma\source\repos\vulkanrenderer-main\vulkan-renderer\vkrenderer\x64\debug\imgui_tables.obj
c:\users\thoma\source\repos\vulkanrenderer-main\vulkan-renderer\vkrenderer\x64\debug\imgui_draw.obj
c:\users\thoma\source\repos\vulkanrenderer-main\vulkan-renderer\vkrenderer\x64\debug\imgui_demo.obj
c:\users\thoma\source\repos\vulkanrenderer-main\vulkan-renderer\vkrenderer\x64\debug\imgui.obj
c:\users\thoma\source\repos\vulkanrenderer-main\vulkan-renderer\vkrenderer\x64\debug\imgui_impl_vulkan.obj
c:\users\thoma\source\repos\vulkanrenderer-main\vulkan-renderer\vkrenderer\x64\debug\imgui_impl_glfw.obj
c:\users\thoma\source\repos\vulkanrenderer-main\vulkan-renderer\vkrenderer\x64\debug\assetlib_materials.obj
c:\users\thoma\source\repos\vulkanrenderer-main\vulkan-renderer\vkrenderer\x64\debug\assetlib_gpuprogs.obj
c:\users\thoma\source\repos\vulkanrenderer-main\vulkan-renderer\vkrenderer\x64\debug\window.obj
c:\users\thoma\source\repos\vulkanrenderer-main\vulkan-renderer\vkrenderer\x64\debug\util.obj
c:\users\thoma\source\repos\vulkanrenderer-main\vulkan-renderer\vkrenderer\x64\debug\io.obj
c:\users\thoma\source\repos\vulkanrenderer-main\vulkan-renderer\vkrenderer\x64\debug\devicecontext.obj
c:\users\thoma\source\repos\vulkanrenderer-main\vulkan-renderer\vkrenderer\x64\debug\assetlib.obj
c:\users\thoma\source\repos\vulkanrenderer-main\vulkan-renderer\vkrenderer\x64\debug\scene.obj
c:\users\thoma\source\repos\vulkanrenderer-main\vulkan-renderer\vkrenderer\x64\debug\renderer.obj
c:\users\thoma\source\repos\vulkanrenderer-main\vulkan-renderer\x64\debug\renderer.pdb
c:\users\thoma\source\repos\vulkanrenderer-main\vulkan-renderer\vkrenderer\x64\debug\renderer.tlog\cl.command.1.tlog
c:\users\thoma\source\repos\vulkanrenderer-main\vulkan-renderer\vkrenderer\x64\debug\renderer.tlog\cl.read.1.tlog
c:\users\thoma\source\repos\vulkanrenderer-main\vulkan-renderer\vkrenderer\x64\debug\renderer.tlog\cl.write.1.tlog
c:\users\thoma\source\repos\vulkanrenderer-main\vulkan-renderer\vkrenderer\x64\debug\renderer.tlog\link.15040-cvtres.read.1.tlog
c:\users\thoma\source\repos\vulkanrenderer-main\vulkan-renderer\vkrenderer\x64\debug\renderer.tlog\link.15040-cvtres.write.1.tlog
c:\users\thoma\source\repos\vulkanrenderer-main\vulkan-renderer\vkrenderer\x64\debug\renderer.tlog\link.15040-rc.read.1.tlog
c:\users\thoma\source\repos\vulkanrenderer-main\vulkan-renderer\vkrenderer\x64\debug\renderer.tlog\link.15040-rc.write.1.tlog
c:\users\thoma\source\repos\vulkanrenderer-main\vulkan-renderer\vkrenderer\x64\debug\renderer.tlog\link.15040.read.1.tlog
c:\users\thoma\source\repos\vulkanrenderer-main\vulkan-renderer\vkrenderer\x64\debug\renderer.tlog\link.15040.write.1.tlog
c:\users\thoma\source\repos\vulkanrenderer-main\vulkan-renderer\vkrenderer\x64\debug\renderer.tlog\link.command.1.tlog
c:\users\thoma\source\repos\vulkanrenderer-main\vulkan-renderer\vkrenderer\x64\debug\renderer.tlog\link.read.1.tlog
c:\users\thoma\source\repos\vulkanrenderer-main\vulkan-renderer\vkrenderer\x64\debug\renderer.tlog\link.write.1.tlog
